# JRE version: OpenJDK Runtime Environment (10.0.2+13) (build 10.0.2+13-Ubuntu-1ubuntu0.18.04.2)
# Java VM: OpenJDK 64-Bit Server VM (10.0.2+13-Ubuntu-1ubuntu0.18.04.2, mixed mode, tiered, compressed oops, g1 gc, linux-amd64)
Heap:
 garbage-first heap   total 474112K, used 119296K [0x00000000c7000000, 0x0000000100000000)
  region size 1024K, 2 young (2048K), 2 survivors (2048K)
 Metaspace       used 3787K, capacity 4486K, committed 4864K, reserved 1056768K
  class space    used 322K, capacity 386K, committed 512K, reserved 1048576K
GC Heap History (10 events):
Event: 1.373 GC heap after
{Heap after GC invocations=4 (full 0):
 garbage-first heap   total 59392K, used 38783K [0x00000000c7000000, 0x0000000100000000)
  region size 1024K, 1 young (1024K), 1 survivors (1024K)
 Metaspace       used 3787K, capacity 4486K, committed 4864K, reserved 1056768K
  class space    used 322K, capacity 386K, committed 512K, reserved 1048576K
}
Event: 1.378 GC heap before
{Heap before GC invocations=4 (full 0):
 garbage-first heap   total 59392K, used 42879K [0x00000000c7000000, 0x0000000100000000)
  region size 1024K, 5 young (5120K), 1 survivors (1024K)
 Metaspace       used 3787K, capacity 4486K, committed 4864K, reserved 1056768K
  class space    used 322K, capacity 386K, committed 512K, reserved 1048576K
}
Event: 1.406 GC heap after
{Heap after GC invocations=5 (full 0):
 garbage-first heap   total 166912K, used 43387K [0x00000000c7000000, 0x0000000100000000)
  region size 1024K, 1 young (1024K), 1 survivors (1024K)
 Metaspace       used 3787K, capacity 4486K, committed 4864K, reserved 1056768K
  class space    used 322K, capacity 386K, committed 512K, reserved 1048576K
}
Event: 1.425 GC heap before
{Heap before GC invocations=5 (full 0):
 garbage-first heap   total 166912K, used 62843K [0x00000000c7000000, 0x0000000100000000)
  region size 1024K, 20 young (20480K), 1 survivors (1024K)
 Metaspace       used 3787K, capacity 4486K, committed 4864K, reserved 1056768K
  class space    used 322K, capacity 386K, committed 512K, reserved 1048576K
}
Event: 1.511 GC heap after
{Heap after GC invocations=6 (full 0):
 garbage-first heap   total 166912K, used 63453K [0x00000000c7000000, 0x0000000100000000)
  region size 1024K, 3 young (3072K), 3 survivors (3072K)
 Metaspace       used 3787K, capacity 4486K, committed 4864K, reserved 1056768K
  class space    used 322K, capacity 386K, committed 512K, reserved 1048576K
}
Event: 1.526 GC heap before
{Heap before GC invocations=6 (full 0):
 garbage-first heap   total 166912K, used 82909K [0x00000000c7000000, 0x0000000100000000)
  region size 1024K, 22 young (22528K), 3 survivors (3072K)
 Metaspace       used 3787K, capacity 4486K, committed 4864K, reserved 1056768K
  class space    used 322K, capacity 386K, committed 512K, reserved 1048576K
}
Event: 1.608 GC heap after
{Heap after GC invocations=7 (full 0):
 garbage-first heap   total 166912K, used 83968K [0x00000000c7000000, 0x0000000100000000)
  region size 1024K, 3 young (3072K), 3 survivors (3072K)
 Metaspace       used 3787K, capacity 4486K, committed 4864K, reserved 1056768K
  class space    used 322K, capacity 386K, committed 512K, reserved 1048576K
}
Event: 1.659 GC heap before
{Heap before GC invocations=7 (full 0):
 garbage-first heap   total 166912K, used 104448K [0x00000000c7000000, 0x0000000100000000)
  region size 1024K, 23 young (23552K), 3 survivors (3072K)
 Metaspace       used 3787K, capacity 4486K, committed 4864K, reserved 1056768K
  class space    used 322K, capacity 386K, committed 512K, reserved 1048576K
}
Event: 1.764 GC heap after
{Heap after GC invocations=8 (full 0):
 garbage-first heap   total 166912K, used 104960K [0x00000000c7000000, 0x0000000100000000)
  region size 1024K, 3 young (3072K), 3 survivors (3072K)
 Metaspace       used 3787K, capacity 4486K, committed 4864K, reserved 1056768K
  class space    used 322K, capacity 386K, committed 512K, reserved 1048576K
}
Event: 1.773 GC heap before
{Heap before GC invocations=8 (full 0):
 garbage-first heap   total 166912K, used 118272K [0x00000000c7000000, 0x0000000100000000)
  region size 1024K, 16 young (16384K), 3 survivors (3072K)
 Metaspace       used 3787K, capacity 4486K, committed 4864K, reserved 1056768K
  class space    used 322K, capacity 386K, committed 512K, reserved 1048576K
}

