# JRE version: OpenJDK Runtime Environment (10.0.2+13) (build 10.0.2+13-Ubuntu-1ubuntu0.18.04.2)
# Java VM: OpenJDK 64-Bit Server VM (10.0.2+13-Ubuntu-1ubuntu0.18.04.2, mixed mode, tiered, compressed oops, g1 gc, linux-amd64)
Heap:
 garbage-first heap   total 481280K, used 108544K [0x00000000c7000000, 0x0000000100000000)
  region size 1024K, 2 young (2048K), 2 survivors (2048K)
 Metaspace       used 3789K, capacity 4486K, committed 4864K, reserved 1056768K
  class space    used 322K, capacity 386K, committed 512K, reserved 1048576K
GC Heap History (10 events):
Event: 0.387 GC heap after
{Heap after GC invocations=4 (full 0):
 garbage-first heap   total 59392K, used 38783K [0x00000000c7000000, 0x0000000100000000)
  region size 1024K, 1 young (1024K), 1 survivors (1024K)
 Metaspace       used 3789K, capacity 4486K, committed 4864K, reserved 1056768K
  class space    used 322K, capacity 386K, committed 512K, reserved 1048576K
}
Event: 0.392 GC heap before
{Heap before GC invocations=4 (full 0):
 garbage-first heap   total 59392K, used 42879K [0x00000000c7000000, 0x0000000100000000)
  region size 1024K, 5 young (5120K), 1 survivors (1024K)
 Metaspace       used 3789K, capacity 4486K, committed 4864K, reserved 1056768K
  class space    used 322K, capacity 386K, committed 512K, reserved 1048576K
}
Event: 0.423 GC heap after
{Heap after GC invocations=5 (full 0):
 garbage-first heap   total 178176K, used 43767K [0x00000000c7000000, 0x0000000100000000)
  region size 1024K, 1 young (1024K), 1 survivors (1024K)
 Metaspace       used 3789K, capacity 4486K, committed 4864K, reserved 1056768K
  class space    used 322K, capacity 386K, committed 512K, reserved 1048576K
}
Event: 0.452 GC heap before
{Heap before GC invocations=5 (full 0):
 garbage-first heap   total 178176K, used 64247K [0x00000000c7000000, 0x0000000100000000)
  region size 1024K, 21 young (21504K), 1 survivors (1024K)
 Metaspace       used 3789K, capacity 4486K, committed 4864K, reserved 1056768K
  class space    used 322K, capacity 386K, committed 512K, reserved 1048576K
}
Event: 0.547 GC heap after
{Heap after GC invocations=6 (full 0):
 garbage-first heap   total 178176K, used 64759K [0x00000000c7000000, 0x0000000100000000)
  region size 1024K, 3 young (3072K), 3 survivors (3072K)
 Metaspace       used 3789K, capacity 4486K, committed 4864K, reserved 1056768K
  class space    used 322K, capacity 386K, committed 512K, reserved 1048576K
}
Event: 0.571 GC heap before
{Heap before GC invocations=6 (full 0):
 garbage-first heap   total 178176K, used 84215K [0x00000000c7000000, 0x0000000100000000)
  region size 1024K, 22 young (22528K), 3 survivors (3072K)
 Metaspace       used 3789K, capacity 4486K, committed 4864K, reserved 1056768K
  class space    used 322K, capacity 386K, committed 512K, reserved 1048576K
}
Event: 1.310 GC heap after
{Heap after GC invocations=7 (full 0):
 garbage-first heap   total 178176K, used 85504K [0x00000000c7000000, 0x0000000100000000)
  region size 1024K, 3 young (3072K), 3 survivors (3072K)
 Metaspace       used 3789K, capacity 4486K, committed 4864K, reserved 1056768K
  class space    used 322K, capacity 386K, committed 512K, reserved 1048576K
}
Event: 1.320 GC heap before
{Heap before GC invocations=7 (full 0):
 garbage-first heap   total 178176K, used 96768K [0x00000000c7000000, 0x0000000100000000)
  region size 1024K, 14 young (14336K), 3 survivors (3072K)
 Metaspace       used 3789K, capacity 4486K, committed 4864K, reserved 1056768K
  class space    used 322K, capacity 386K, committed 512K, reserved 1048576K
}
Event: 1.695 GC heap after
{Heap after GC invocations=8 (full 0):
 garbage-first heap   total 178176K, used 97792K [0x00000000c7000000, 0x0000000100000000)
  region size 1024K, 2 young (2048K), 2 survivors (2048K)
 Metaspace       used 3789K, capacity 4486K, committed 4864K, reserved 1056768K
  class space    used 322K, capacity 386K, committed 512K, reserved 1048576K
}
Event: 1.703 GC heap before
{Heap before GC invocations=8 (full 0):
 garbage-first heap   total 178176K, used 108032K [0x00000000c7000000, 0x0000000100000000)
  region size 1024K, 12 young (12288K), 2 survivors (2048K)
 Metaspace       used 3789K, capacity 4486K, committed 4864K, reserved 1056768K
  class space    used 322K, capacity 386K, committed 512K, reserved 1048576K
}

